Brunei
Burkina Faso
Burma
Cabo Verde
Cameroon
Central African Republic
Chad
Congo (Brazzaville)
Congo (Kinshasa)
Costa Rica
Cote d'Ivoire
Cyprus
Diamond Princess
Djibouti
Dominica
El Salvador
Equatorial Guinea
Eritrea
Eswatini
Ethiopia
Guatemala
Holy See
Kazakhstan
Kenya
Kosovo
Kyrgyzstan
Laos
Liberia
Libya
Madagascar
Maldives
Mali
Malta
Mauritania
Mauritius
Moldova
Mongolia
Montenegro
Mozambique
MS Zaandam
Namibia
Nicaragua
Niger
Panama
Paraguay
Rwanda
Seychelles
Slovakia
